[master 7b01448] Automatic commit
 1 file changed, 13 deletions(-)
 rewrite backup_out.log (100%)
remote: 
remote: ========================================================================
remote: 
remote: This deploy key does not have write access to this project.
remote: 
remote: ========================================================================
remote: 
fatal: Could not read from remote repository.

Please make sure you have the correct access rights
and the repository exists.
[master 0858078] Automatic commit
 Committer: root <root@homeassistant.local.hass.io>
Your name and email address were configured automatically based
on your username and hostname. Please check that they are accurate.
You can suppress this message by setting them explicitly. Run the
following command and follow the instructions in your editor to edit
your configuration file:

    git config --global --edit

After doing this, you may fix the identity used for this commit with:

    git commit --amend --reset-author

 1 file changed, 15 insertions(+)
Host key verification failed.
fatal: Could not read from remote repository.

Please make sure you have the correct access rights
and the repository exists.
